# JRE version: 7.0_25-b17
# Java VM: Java HotSpot(TM) Client VM (23.25-b01 mixed mode, sharing windows-x86 )
Heap
 def new generation   total 157248K, used 102256K [0x12af0000, 0x1d590000, 0x1d590000)
  eden space 139776K,  73% used [0x12af0000, 0x18ecbfe8, 0x1b370000)
  from space 17472K,   0% used [0x1b370000, 0x1b3701d0, 0x1c480000)
  to   space 17472K,   0% used [0x1c480000, 0x1c480000, 0x1d590000)
 tenured generation   total 349568K, used 230009K [0x1d590000, 0x32af0000, 0x32af0000)
   the space 349568K,  65% used [0x1d590000, 0x2b62e640, 0x2b62e800, 0x32af0000)
 compacting perm gen  total 12288K, used 1295K [0x32af0000, 0x336f0000, 0x36af0000)
   the space 12288K,  10% used [0x32af0000, 0x32c33ff8, 0x32c34000, 0x336f0000)
    ro space 10240K,  45% used [0x36af0000, 0x36f79b28, 0x36f79c00, 0x374f0000)
    rw space 12288K,  54% used [0x374f0000, 0x37b7d0e8, 0x37b7d200, 0x380f0000)
GC Heap History (10 events):
Event: 10.889 GC heap before
{Heap before GC invocations=8 (full 0):
 def new generation   total 157248K, used 132550K [0x12af0000, 0x1d590000, 0x1d590000)
  eden space 139776K,  94% used [0x12af0000, 0x1ac5ee80, 0x1b370000)
  from space 17472K,   0% used [0x1b370000, 0x1b372a90, 0x1c480000)
  to   space 17472K,   0% used [0x1c480000, 0x1c480000, 0x1d590000)
 tenured generation   total 349568K, used 197026K [0x1d590000, 0x32af0000, 0x32af0000)
   the space 349568K,  56% used [0x1d590000, 0x295f89c8, 0x295f8a00, 0x32af0000)
 compacting perm gen  total 12288K, used 922K [0x32af0000, 0x336f0000, 0x36af0000)
   the space 12288K,   7% used [0x32af0000, 0x32bd6988, 0x32bd6a00, 0x336f0000)
    ro space 10240K,  45% used [0x36af0000, 0x36f79b28, 0x36f79c00, 0x374f0000)
    rw space 12288K,  54% used [0x374f0000, 0x37b7d0e8, 0x37b7d200, 0x380f0000)
Event: 11.010 GC heap after
Heap after GC invocations=9 (full 0):
 def new generation   total 157248K, used 8K [0x12af0000, 0x1d590000, 0x1d590000)
  eden space 139776K,   0% used [0x12af0000, 0x12af0000, 0x1b370000)
  from space 17472K,   0% used [0x1c480000, 0x1c482130, 0x1d590000)
  to   space 17472K,   0% used [0x1b370000, 0x1b370000, 0x1c480000)
 tenured generation   total 349568K, used 328098K [0x1d590000, 0x32af0000, 0x32af0000)
   the space 349568K,  93% used [0x1d590000, 0x315f89e8, 0x315f8a00, 0x32af0000)
 compacting perm gen  total 12288K, used 922K [0x32af0000, 0x336f0000, 0x36af0000)
   the space 12288K,   7% used [0x32af0000, 0x32bd6988, 0x32bd6a00, 0x336f0000)
    ro space 10240K,  45% used [0x36af0000, 0x36f79b28, 0x36f79c00, 0x374f0000)
    rw space 12288K,  54% used [0x374f0000, 0x37b7d0e8, 0x37b7d200, 0x380f0000)
}
Event: 14.550 GC heap before
{Heap before GC invocations=9 (full 0):
 def new generation   total 157248K, used 139784K [0x12af0000, 0x1d590000, 0x1d590000)
  eden space 139776K, 100% used [0x12af0000, 0x1b370000, 0x1b370000)
  from space 17472K,   0% used [0x1c480000, 0x1c482130, 0x1d590000)
  to   space 17472K,   0% used [0x1b370000, 0x1b370000, 0x1c480000)
 tenured generation   total 349568K, used 328098K [0x1d590000, 0x32af0000, 0x32af0000)
   the space 349568K,  93% used [0x1d590000, 0x315f89e8, 0x315f8a00, 0x32af0000)
 compacting perm gen  total 12288K, used 983K [0x32af0000, 0x336f0000, 0x36af0000)
   the space 12288K,   8% used [0x32af0000, 0x32be5d58, 0x32be5e00, 0x336f0000)
    ro space 10240K,  45% used [0x36af0000, 0x36f79b28, 0x36f79c00, 0x374f0000)
    rw space 12288K,  54% used [0x374f0000, 0x37b7d0e8, 0x37b7d200, 0x380f0000)
Event: 14.612 GC heap after
Heap after GC invocations=10 (full 1):
 def new generation   total 157248K, used 0K [0x12af0000, 0x1d590000, 0x1d590000)
  eden space 139776K,   0% used [0x12af0000, 0x12af0000, 0x1b370000)
  from space 17472K,   0% used [0x1c480000, 0x1c480000, 0x1d590000)
  to   space 17472K,   0% used [0x1b370000, 0x1b370000, 0x1c480000)
 tenured generation   total 349568K, used 66152K [0x1d590000, 0x32af0000, 0x32af0000)
   the space 349568K,  18% used [0x1d590000, 0x2162a160, 0x2162a200, 0x32af0000)
 compacting perm gen  total 12288K, used 983K [0x32af0000, 0x336f0000, 0x36af0000)
   the space 12288K,   8% used [0x32af0000, 0x32be5d58, 0x32be5e00, 0x336f0000)
    ro space 10240K,  45% used [0x36af0000, 0x36f79b28, 0x36f79c00, 0x374f0000)
    rw space 12288K,  54% used [0x374f0000, 0x37b7d0e8, 0x37b7d200, 0x380f0000)
}
Event: 17.245 GC heap before
{Heap before GC invocations=10 (full 1):
 def new generation   total 157248K, used 137457K [0x12af0000, 0x1d590000, 0x1d590000)
  eden space 139776K,  98% used [0x12af0000, 0x1b12c418, 0x1b370000)
  from space 17472K,   0% used [0x1c480000, 0x1c480000, 0x1d590000)
  to   space 17472K,   0% used [0x1b370000, 0x1b370000, 0x1c480000)
 tenured generation   total 349568K, used 66152K [0x1d590000, 0x32af0000, 0x32af0000)
   the space 349568K,  18% used [0x1d590000, 0x2162a160, 0x2162a200, 0x32af0000)
 compacting perm gen  total 12288K, used 983K [0x32af0000, 0x336f0000, 0x36af0000)
   the space 12288K,   8% used [0x32af0000, 0x32be5d58, 0x32be5e00, 0x336f0000)
    ro space 10240K,  45% used [0x36af0000, 0x36f79b28, 0x36f79c00, 0x374f0000)
    rw space 12288K,  54% used [0x374f0000, 0x37b7d0e8, 0x37b7d200, 0x380f0000)
Event: 17.270 GC heap after
Heap after GC invocations=11 (full 1):
 def new generation   total 157248K, used 31K [0x12af0000, 0x1d590000, 0x1d590000)
  eden space 139776K,   0% used [0x12af0000, 0x12af0000, 0x1b370000)
  from space 17472K,   0% used [0x1b370000, 0x1b377c38, 0x1c480000)
  to   space 17472K,   0% used [0x1c480000, 0x1c480000, 0x1d590000)
 tenured generation   total 349568K, used 98920K [0x1d590000, 0x32af0000, 0x32af0000)
   the space 349568K,  28% used [0x1d590000, 0x2362a170, 0x2362a200, 0x32af0000)
 compacting perm gen  total 12288K, used 983K [0x32af0000, 0x336f0000, 0x36af0000)
   the space 12288K,   8% used [0x32af0000, 0x32be5d58, 0x32be5e00, 0x336f0000)
    ro space 10240K,  45% used [0x36af0000, 0x36f79b28, 0x36f79c00, 0x374f0000)
    rw space 12288K,  54% used [0x374f0000, 0x37b7d0e8, 0x37b7d200, 0x380f0000)
}
Event: 17.935 GC heap before
{Heap before GC invocations=11 (full 1):
 def new generation   total 157248K, used 139807K [0x12af0000, 0x1d590000, 0x1d590000)
  eden space 139776K, 100% used [0x12af0000, 0x1b370000, 0x1b370000)
  from space 17472K,   0% used [0x1b370000, 0x1b377c38, 0x1c480000)
  to   space 17472K,   0% used [0x1c480000, 0x1c480000, 0x1d590000)
 tenured generation   total 349568K, used 98920K [0x1d590000, 0x32af0000, 0x32af0000)
   the space 349568K,  28% used [0x1d590000, 0x2362a170, 0x2362a200, 0x32af0000)
 compacting perm gen  total 12288K, used 983K [0x32af0000, 0x336f0000, 0x36af0000)
   the space 12288K,   8% used [0x32af0000, 0x32be5d58, 0x32be5e00, 0x336f0000)
    ro space 10240K,  45% used [0x36af0000, 0x36f79b28, 0x36f79c00, 0x374f0000)
    rw space 12288K,  54% used [0x374f0000, 0x37b7d0e8, 0x37b7d200, 0x380f0000)
Event: 17.946 GC heap after
Heap after GC invocations=12 (full 1):
 def new generation   total 157248K, used 13572K [0x12af0000, 0x1d590000, 0x1d590000)
  eden space 139776K,   0% used [0x12af0000, 0x12af0000, 0x1b370000)
  from space 17472K,  77% used [0x1c480000, 0x1d1c1340, 0x1d590000)
  to   space 17472K,   0% used [0x1b370000, 0x1b370000, 0x1c480000)
 tenured generation   total 349568K, used 98920K [0x1d590000, 0x32af0000, 0x32af0000)
   the space 349568K,  28% used [0x1d590000, 0x2362a170, 0x2362a200, 0x32af0000)
 compacting perm gen  total 12288K, used 983K [0x32af0000, 0x336f0000, 0x36af0000)
   the space 12288K,   8% used [0x32af0000, 0x32be5d58, 0x32be5e00, 0x336f0000)
    ro space 10240K,  45% used [0x36af0000, 0x36f79b28, 0x36f79c00, 0x374f0000)
    rw space 12288K,  54% used [0x374f0000, 0x37b7d0e8, 0x37b7d200, 0x380f0000)
}
Event: 18.543 GC heap before
{Heap before GC invocations=12 (full 1):
 def new generation   total 157248K, used 148189K [0x12af0000, 0x1d590000, 0x1d590000)
  eden space 139776K,  96% used [0x12af0000, 0x1ae66230, 0x1b370000)
  from space 17472K,  77% used [0x1c480000, 0x1d1c1340, 0x1d590000)
  to   space 17472K,   0% used [0x1b370000, 0x1b370000, 0x1c480000)
 tenured generation   total 349568K, used 98920K [0x1d590000, 0x32af0000, 0x32af0000)
   the space 349568K,  28% used [0x1d590000, 0x2362a170, 0x2362a200, 0x32af0000)
 compacting perm gen  total 12288K, used 983K [0x32af0000, 0x336f0000, 0x36af0000)
   the space 12288K,   8% used [0x32af0000, 0x32be5d58, 0x32be5e00, 0x336f0000)
    ro space 10240K,  45% used [0x36af0000, 0x36f79b28, 0x36f79c00, 0x374f0000)
    rw space 12288K,  54% used [0x374f0000, 0x37b7d0e8, 0x37b7d200, 0x380f0000)
Event: 18.639 GC heap after
Heap after GC invocations=13 (full 1):
 def new generation   total 157248K, used 0K [0x12af0000, 0x1d590000, 0x1d590000)
  eden space 139776K,   0% used [0x12af0000, 0x12af0000, 0x1b370000)
  from space 17472K,   0% used [0x1b370000, 0x1b3701d0, 0x1c480000)
  to   space 17472K,   0% used [0x1c480000, 0x1c480000, 0x1d590000)
 tenured generation   total 349568K, used 230009K [0x1d590000, 0x32af0000, 0x32af0000)
   the space 349568K,  65% used [0x1d590000, 0x2b62e640, 0x2b62e800, 0x32af0000)
 compacting perm gen  total 12288K, used 983K [0x32af0000, 0x336f0000, 0x36af0000)
   the space 12288K,   8% used [0x32af0000, 0x32be5d58, 0x32be5e00, 0x336f0000)
    ro space 10240K,  45% used [0x36af0000, 0x36f79b28, 0x36f79c00, 0x374f0000)
    rw space 12288K,  54% used [0x374f0000, 0x37b7d0e8, 0x37b7d200, 0x380f0000)
}

